<?xml version="1.0" encoding="UTF-8"?>
<testsuite name="AutoCompleteDictionaryTrieTester" tests="4" skipped="0" failures="0" errors="0" timestamp="2020-05-23T14:20:55" hostname="WIN-KQ70QKA0J2F" time="0.05">
  <properties/>
  <testcase name="testAddWord" classname="AutoCompleteDictionaryTrieTester" time="0.012"/>
  <testcase name="testSize" classname="AutoCompleteDictionaryTrieTester" time="0.02"/>
  <testcase name="testIsWord" classname="AutoCompleteDictionaryTrieTester" time="0.006"/>
  <testcase name="testPredictCompletions" classname="AutoCompleteDictionaryTrieTester" time="0.01"/>
  <system-out><![CDATA[word - a
word - he
word - hey
word - hem
word - he
word - hey
word - help
word - hello
word - dog
word - doge
word - dogg
word - dogg
word - doggo
word - doggie
word - doggos
word - doggies
word - doggoes
word - test
word - tester
word - tested
word - testin
word - teston
word - testell
word - testine
]]></system-out>
  <system-err><![CDATA[]]></system-err>
</testsuite>
